<?xml version="1.0" encoding="utf-8"?><testsuites><testsuite name="pytest" errors="0" failures="0" skipped="0" tests="3" time="1.789" timestamp="2024-09-24T11:47:59.400033+00:00" hostname="45710d8ac4a4"><testcase classname="tests.test_prediction" name="test_single_prediction_not_none" time="0.522" /><testcase classname="tests.test_prediction" name="test_single_pred_str_type" time="0.217" /><testcase classname="tests.test_prediction" name="test_single_pred_validate" time="0.181" /></testsuite></testsuites>